

Version:	3.12
CmdLine:	C:\Users\PinXe\Documents\NetBeansProjects\geo.conekta.minth\CSV Extractor.exe --l4j-debug
WOW64:		yes
Working dir:	C:\Users\PinXe\Documents\NetBeansProjects\geo.conekta.minth\.
Java min ver:	
Java max ver:	
Bundled JRE:	C:\Program Files\Java\jdk1.8.0_73
Check launcher:	C:\Program Files\Java\jdk1.8.0_73\bin\javaw.exe (OK)
Launcher:	C:\Program Files\Java\jdk1.8.0_73\bin\javaw.exe
Launcher args:	-jar "C:\Users\PinXe\Documents\NetBeansProjects\geo.conekta.minth\CSV Extractor.exe"
Args length:	84/32768 chars
Exit code:	0


Version:	3.12
CmdLine:	D:\GEOPANDA\geo.conekta.csv.minth\CSV Reader.exe --l4j-debug
WOW64:		yes
Working dir:	D:\GEOPANDA\geo.conekta.csv.minth\.
Java min ver:	1.004.000
Java max ver:	
64-bit search:	SOFTWARE\JavaSoft\Java Runtime Environment...
Check:		SOFTWARE\JavaSoft\Java Runtime Environment\1.8
Check launcher:	C:\Program Files\Java\jre1.8.0_201\bin\javaw.exe (OK)
Match:		1.008.000
Check:		SOFTWARE\JavaSoft\Java Runtime Environment\1.8.0_201
Check launcher:	C:\Program Files\Java\jre1.8.0_201\bin\javaw.exe (OK)
Match:		1.008.000_201
64-bit search:	SOFTWARE\JavaSoft\Java Development Kit...
Check:		SOFTWARE\JavaSoft\Java Development Kit\1.8
Ignore:		1.008.000
Check:		SOFTWARE\JavaSoft\Java Development Kit\1.8.0_121
Ignore:		1.008.000_121
Check:		SOFTWARE\JavaSoft\Java Development Kit\1.8.0_162
Ignore:		1.008.000_162
64-bit search:	SOFTWARE\JavaSoft\JRE...
64-bit search:	SOFTWARE\JavaSoft\JDK...
Runtime used:	1.008.000_201 (64-bit)
Launcher:	C:\Program Files\Java\jre1.8.0_201\bin\javaw.exe
Launcher args:	-jar "D:\GEOPANDA\geo.conekta.csv.minth\CSV Reader.exe"
Args length:	55/32768 chars
Exit code:	0


Version:	3.12
CmdLine:	D:\GEOPANDA\geo.conekta.csv.minth\CSV Reader.exe --l4j-debug
WOW64:		yes
Working dir:	D:\GEOPANDA\geo.conekta.csv.minth\.
Java min ver:	
Java max ver:	
Bundled JRE:	C:\Program Files\Java\jre1.8.0_201
Check launcher:	C:\Program Files\Java\jre1.8.0_201\bin\javaw.exe (OK)
Launcher:	C:\Program Files\Java\jre1.8.0_201\bin\javaw.exe
Launcher args:	-jar "D:\GEOPANDA\geo.conekta.csv.minth\CSV Reader.exe"
Args length:	55/32768 chars
Exit code:	0
